"Task Aware Debugger for GDB" version 11.7.0 (202212092054)
(c) 2016-2022 NXP Semiconductors, Inc.
==================================
17:51:55.596 INFO: [ZephyrRTOS] .config file could not be read [C:\Users\joaqu\Desktop\Informatica Aplicada\Practica resuelta\Practica 1\Ejercicio6\Debug\.config (El sistema no puede encontrar el archivo especificado)]
17:51:55.596 INFO: [TadModel] DSF session ID 29 has started.
17:51:58.216 INFO: [TadState] TAD state changed: DEBUG_STARTED -> DEBUG_INIT_0 (RESUMED, USER_REQUEST)
17:51:58.795 INFO: [TadState] TAD state changed: DEBUG_INIT_0 -> DEBUG_INIT_1 (SUSPENDED, BREAKPOINT)
17:52:03.574 INFO: [TadState] TAD state changed: DEBUG_INIT_1 -> DEBUG_SUSPENDED (RESUMED, USER_REQUEST)
17:52:03.575 INFO: [TadState] TAD state changed: DEBUG_SUSPENDED -> DEBUG_SUSPENDED (SUSPENDED, BREAKPOINT)
17:52:04.203 INFO: [TadState] TAD state changed: DEBUG_SUSPENDED -> DEBUG_RESUMED (RESUMED, USER_REQUEST)
17:52:04.207 INFO: [TadState] TAD state changed: DEBUG_RESUMED -> READY (SUSPENDED, BREAKPOINT)
17:52:04.829 INFO: [TadState] TAD state changed: READY -> DEBUG_RESUMED (RESUMED, USER_REQUEST)
17:52:04.831 INFO: [TadState] TAD state changed: DEBUG_RESUMED -> READY (SUSPENDED, BREAKPOINT)
17:52:08.225 INFO: [TadState] TAD state changed: READY -> DEBUG_RESUMED (RESUMED, STEP)
17:52:08.230 INFO: [TadState] TAD state changed: DEBUG_RESUMED -> READY (SUSPENDED, STEP)
17:52:08.831 INFO: [TadState] TAD state changed: READY -> DEBUG_RESUMED (RESUMED, STEP)
17:52:08.833 INFO: [TadState] TAD state changed: DEBUG_RESUMED -> READY (SUSPENDED, STEP)
17:52:09.264 INFO: [TadState] TAD state changed: READY -> DEBUG_RESUMED (RESUMED, STEP)
17:52:09.268 INFO: [TadState] TAD state changed: DEBUG_RESUMED -> READY (SUSPENDED, STEP)
17:52:11.201 INFO: [TadState] TAD state changed: READY -> DEBUG_RESUMED (RESUMED, STEP)
17:52:11.203 INFO: [TadState] TAD state changed: DEBUG_RESUMED -> READY (SUSPENDED, STEP)
17:52:14.480 INFO: [TadState] TAD state changed: READY -> DEBUG_RESUMED (RESUMED, STEP)
17:52:14.482 INFO: [TadState] TAD state changed: DEBUG_RESUMED -> READY (SUSPENDED, STEP)
17:52:15.06 INFO: [TadState] TAD state changed: READY -> DEBUG_RESUMED (RESUMED, STEP)
17:52:15.10 INFO: [TadState] TAD state changed: DEBUG_RESUMED -> READY (SUSPENDED, STEP)
17:52:15.363 INFO: [TadState] TAD state changed: READY -> DEBUG_RESUMED (RESUMED, STEP)
17:52:15.364 INFO: [TadState] TAD state changed: DEBUG_RESUMED -> READY (SUSPENDED, STEP)
17:52:15.609 INFO: [TadState] TAD state changed: READY -> DEBUG_RESUMED (RESUMED, STEP)
17:52:15.610 INFO: [TadState] TAD state changed: DEBUG_RESUMED -> READY (SUSPENDED, STEP)
17:52:15.875 INFO: [TadState] TAD state changed: READY -> DEBUG_RESUMED (RESUMED, STEP)
17:52:15.877 INFO: [TadState] TAD state changed: DEBUG_RESUMED -> READY (SUSPENDED, STEP)
17:52:16.107 INFO: [TadState] TAD state changed: READY -> DEBUG_RESUMED (RESUMED, STEP)
17:52:16.109 INFO: [TadState] TAD state changed: DEBUG_RESUMED -> READY (SUSPENDED, STEP)
17:52:17.453 INFO: [TadState] TAD state changed: READY -> DEBUG_RESUMED (RESUMED, USER_REQUEST)
17:52:17.455 INFO: [TadState] TAD state changed: DEBUG_RESUMED -> READY (SUSPENDED, BREAKPOINT)
17:52:18.845 INFO: [TadState] TAD state changed: READY -> DEBUG_RESUMED (RESUMED, STEP)
17:52:18.846 INFO: [TadState] TAD state changed: DEBUG_RESUMED -> READY (SUSPENDED, STEP)
17:52:19.344 INFO: [TadState] TAD state changed: READY -> DEBUG_RESUMED (RESUMED, STEP)
17:52:19.346 INFO: [TadState] TAD state changed: DEBUG_RESUMED -> READY (SUSPENDED, STEP)
17:52:21.350 INFO: [TadState] TAD state changed: READY -> DEBUG_RESUMED (RESUMED, STEP)
17:52:21.354 INFO: [TadState] TAD state changed: DEBUG_RESUMED -> READY (SUSPENDED, STEP)
17:52:21.753 INFO: [TadState] TAD state changed: READY -> DEBUG_RESUMED (RESUMED, STEP)
17:52:21.754 INFO: [TadState] TAD state changed: DEBUG_RESUMED -> READY (SUSPENDED, STEP)
17:52:22.761 INFO: [TadState] TAD state changed: READY -> DEBUG_RESUMED (RESUMED, STEP)
17:52:22.764 INFO: [TadState] TAD state changed: DEBUG_RESUMED -> READY (SUSPENDED, STEP)
17:52:23.179 INFO: [TadState] TAD state changed: READY -> DEBUG_RESUMED (RESUMED, STEP)
17:52:23.184 INFO: [TadState] TAD state changed: DEBUG_RESUMED -> READY (SUSPENDED, STEP)
17:52:24.48 INFO: [TadState] TAD state changed: READY -> DEBUG_RESUMED (RESUMED, STEP)
17:52:24.49 INFO: [TadState] TAD state changed: DEBUG_RESUMED -> READY (SUSPENDED, STEP)
17:52:24.418 INFO: [TadState] TAD state changed: READY -> DEBUG_RESUMED (RESUMED, STEP)
17:52:24.421 INFO: [TadState] TAD state changed: DEBUG_RESUMED -> READY (SUSPENDED, STEP)
17:52:26.795 INFO: [TadState] TAD state changed: READY -> DEBUG_RESUMED (RESUMED, USER_REQUEST)
17:52:26.798 INFO: [TadState] TAD state changed: DEBUG_RESUMED -> READY (SUSPENDED, BREAKPOINT)
17:52:28.959 INFO: [TadState] TAD state changed: READY -> DEBUG_RESUMED (RESUMED, STEP)
17:52:28.962 INFO: [TadState] TAD state changed: DEBUG_RESUMED -> READY (SUSPENDED, STEP)
17:52:29.754 INFO: [TadState] TAD state changed: READY -> DEBUG_RESUMED (RESUMED, STEP)
17:52:29.757 INFO: [TadState] TAD state changed: DEBUG_RESUMED -> READY (SUSPENDED, SIGNAL)
17:52:37.727 INFO: [TadState] TAD state changed: READY -> DEBUG_RESUMED (RESUMED, STEP)
17:52:37.727 INFO: [TadState] TAD state changed: DEBUG_RESUMED -> READY (SUSPENDED, SIGNAL)
17:52:48.238 INFO: [TadModel] DSF session ID 29 has ended.
